2018-08-28 18:02:15.495 [localhost-startStop-1] INFO  springfox.documentation.spring.web.plugins.DocumentationPluginsBootstrapper - Context refreshed
2018-08-28 18:02:15.555 [localhost-startStop-1] INFO  springfox.documentation.spring.web.plugins.DocumentationPluginsBootstrapper - Found 1 custom documentation plugin(s)
2018-08-28 18:02:15.585 [localhost-startStop-1] INFO  springfox.documentation.spring.web.scanners.ApiListingReferenceScanner - Scanning for api listing references
2018-08-28 18:02:15.997 [localhost-startStop-1] INFO  springfox.documentation.spring.web.readers.operation.CachingOperationNameGenerator - Generating unique operation named: loginUserUsingPOST_1
2018-08-28 18:02:46.653 [http-nio-8080-exec-5] INFO  com.epam.service.UserManagerImpl - New User (id = 2) is registered
2018-08-28 18:02:53.782 [http-nio-8080-exec-6] INFO  com.epam.service.UserManagerImpl - User (id = 2) logged in
2018-08-28 18:02:59.540 [http-nio-8080-exec-8] INFO  com.epam.service.BookManagerImpl - The requested book (id = 1) is added to User's (id = 2) List
2018-08-28 18:02:59.540 [http-nio-8080-exec-8] INFO  com.epam.service.BookManagerImpl - The requested book (id =1)is now pending before rent
2018-08-28 18:03:01.802 [http-nio-8080-exec-9] INFO  com.epam.service.BookManagerImpl - The requested book (id = 2) is added to User's (id = 2) List
2018-08-28 18:03:01.802 [http-nio-8080-exec-9] INFO  com.epam.service.BookManagerImpl - The requested book (id =2)is now pending before read
2018-08-28 18:03:06.816 [http-nio-8080-exec-10] INFO  com.epam.service.BookManagerImpl - The requested book (id = 3) is added to User's (id = 2) List
2018-08-28 18:03:06.816 [http-nio-8080-exec-10] INFO  com.epam.service.BookManagerImpl - The requested book (id =3)is now pending before rent
2018-08-28 18:03:15.829 [http-nio-8080-exec-7] INFO  com.epam.service.BookManagerImpl - The requested book (id = 61) is added to User's (id = 2) List
2018-08-28 18:03:15.829 [http-nio-8080-exec-7] INFO  com.epam.service.BookManagerImpl - The requested book (id =61)is now pending before rent
2018-08-28 18:03:16.661 [http-nio-8080-exec-8] INFO  com.epam.service.BookManagerImpl - The requested book (id = 62) is added to User's (id = 2) List
2018-08-28 18:03:16.662 [http-nio-8080-exec-8] INFO  com.epam.service.BookManagerImpl - The requested book (id =62)is now pending before rent
2018-08-28 18:03:25.105 [http-nio-8080-exec-1] INFO  com.epam.service.BookManagerImpl - The requested book (id = 13) is added to User's (id = 2) List
2018-08-28 18:03:25.105 [http-nio-8080-exec-1] INFO  com.epam.service.BookManagerImpl - The requested book (id =13)is now pending before rent
2018-08-28 18:03:43.314 [http-nio-8080-exec-7] INFO  com.epam.service.UserManagerImpl - Librarian logged in
2018-08-28 18:03:49.806 [http-nio-8080-exec-8] INFO  com.epam.service.BookManagerImpl - The book (id = 1) order has been removed
2018-08-28 18:03:49.807 [http-nio-8080-exec-8] INFO  com.epam.service.BookManagerImpl - The book (id = 1) has been given to User (id = 1)
2018-08-28 18:03:51.256 [http-nio-8080-exec-9] INFO  com.epam.service.BookManagerImpl - The book (id = 2) order has been removed
2018-08-28 18:03:51.256 [http-nio-8080-exec-9] INFO  com.epam.service.BookManagerImpl - Book request denied (id =2)
2018-08-28 18:03:51.723 [http-nio-8080-exec-10] INFO  com.epam.service.BookManagerImpl - The book (id = 3) order has been removed
2018-08-28 18:03:51.724 [http-nio-8080-exec-10] INFO  com.epam.service.BookManagerImpl - Book request denied (id =3)
2018-08-28 18:03:52.151 [http-nio-8080-exec-1] INFO  com.epam.service.BookManagerImpl - The book (id = 13) order has been removed
2018-08-28 18:03:52.151 [http-nio-8080-exec-1] INFO  com.epam.service.BookManagerImpl - Book request denied (id =13)
2018-08-28 18:03:52.589 [http-nio-8080-exec-2] INFO  com.epam.service.BookManagerImpl - The book (id = 61) order has been removed
2018-08-28 18:03:52.589 [http-nio-8080-exec-2] INFO  com.epam.service.BookManagerImpl - Book request denied (id =61)
2018-08-28 18:03:53.840 [http-nio-8080-exec-4] INFO  com.epam.service.BookManagerImpl - The book (id = 62) order has been removed
2018-08-28 18:03:53.840 [http-nio-8080-exec-4] INFO  com.epam.service.BookManagerImpl - The book (id = 62) has been given to User (id = 1)
2018-08-28 18:04:01.659 [http-nio-8080-exec-6] INFO  com.epam.service.UserManagerImpl - User (id = 2) logged in
2018-08-28 18:04:09.442 [http-nio-8080-exec-9] INFO  com.epam.service.BookManagerImpl - The book (id = 62) order has been removed
2018-08-28 18:04:09.442 [http-nio-8080-exec-9] INFO  com.epam.service.BookManagerImpl - The book (id = 62) has been returned to the library
2018-08-28 18:04:33.745 [http-nio-8080-exec-7] INFO  com.epam.service.UserManagerImpl - Librarian logged in
2018-08-29 22:55:57.215 [localhost-startStop-1] INFO  springfox.documentation.spring.web.plugins.DocumentationPluginsBootstrapper - Context refreshed
2018-08-29 22:55:57.325 [localhost-startStop-1] INFO  springfox.documentation.spring.web.plugins.DocumentationPluginsBootstrapper - Found 1 custom documentation plugin(s)
2018-08-29 22:55:57.351 [localhost-startStop-1] INFO  springfox.documentation.spring.web.scanners.ApiListingReferenceScanner - Scanning for api listing references
2018-08-29 22:55:58.172 [localhost-startStop-1] INFO  springfox.documentation.spring.web.readers.operation.CachingOperationNameGenerator - Generating unique operation named: loginUserUsingPOST_1
2018-08-29 22:56:49.968 [http-nio-8080-exec-9] INFO  com.epam.service.UserManagerImpl - New User (id = 2) is registered
2018-08-29 22:56:59.932 [http-nio-8080-exec-1] INFO  com.epam.service.UserManagerImpl - User (id = 2) logged in
2018-08-29 22:57:07.028 [http-nio-8080-exec-2] INFO  com.epam.service.BookManagerImpl - The requested book (id = 1) is added to User's (id = 2) List
2018-08-29 22:57:07.028 [http-nio-8080-exec-2] INFO  com.epam.service.BookManagerImpl - The requested book (id =1)is now pending before rent
2018-08-29 22:57:09.034 [http-nio-8080-exec-3] INFO  com.epam.service.BookManagerImpl - The requested book (id = 2) is added to User's (id = 2) List
2018-08-29 22:57:09.034 [http-nio-8080-exec-3] INFO  com.epam.service.BookManagerImpl - The requested book (id =2)is now pending before read
2018-08-29 22:57:10.283 [http-nio-8080-exec-5] INFO  com.epam.service.BookManagerImpl - The requested book (id = 3) is added to User's (id = 2) List
2018-08-29 22:57:10.283 [http-nio-8080-exec-5] INFO  com.epam.service.BookManagerImpl - The requested book (id =3)is now pending before rent
2018-08-29 22:57:11.375 [http-nio-8080-exec-6] INFO  com.epam.service.BookManagerImpl - The requested book (id = 4) is added to User's (id = 2) List
2018-08-29 22:57:11.375 [http-nio-8080-exec-6] INFO  com.epam.service.BookManagerImpl - The requested book (id =4)is now pending before read
2018-08-29 22:57:43.396 [http-nio-8080-exec-2] INFO  com.epam.service.UserManagerImpl - Librarian logged in
2018-08-29 22:57:49.621 [http-nio-8080-exec-4] INFO  com.epam.service.BookManagerImpl - The book (id = 1) order has been removed
2018-08-29 22:57:49.621 [http-nio-8080-exec-4] INFO  com.epam.service.BookManagerImpl - Book request denied (id =1)
2018-08-29 22:57:50.274 [http-nio-8080-exec-5] INFO  com.epam.service.BookManagerImpl - The book (id = 2) order has been removed
2018-08-29 22:57:50.275 [http-nio-8080-exec-5] INFO  com.epam.service.BookManagerImpl - Book request denied (id =2)
2018-08-29 22:57:51.142 [http-nio-8080-exec-6] INFO  com.epam.service.BookManagerImpl - The book (id = 3) order has been removed
2018-08-29 22:57:51.143 [http-nio-8080-exec-6] INFO  com.epam.service.BookManagerImpl - Book request denied (id =3)
2018-08-29 22:57:52.669 [http-nio-8080-exec-7] INFO  com.epam.service.BookManagerImpl - The book (id= 4 has been given to User (id = 1) in the ReadRoom
2018-08-29 22:58:02.137 [http-nio-8080-exec-10] INFO  com.epam.service.UserManagerImpl - User (id = 2) logged in
2018-09-01 19:30:02.231 [localhost-startStop-1] INFO  springfox.documentation.spring.web.plugins.DocumentationPluginsBootstrapper - Context refreshed
2018-09-01 19:30:02.336 [localhost-startStop-1] INFO  springfox.documentation.spring.web.plugins.DocumentationPluginsBootstrapper - Found 1 custom documentation plugin(s)
2018-09-01 19:30:02.366 [localhost-startStop-1] INFO  springfox.documentation.spring.web.scanners.ApiListingReferenceScanner - Scanning for api listing references
2018-09-01 19:30:02.944 [localhost-startStop-1] INFO  springfox.documentation.spring.web.readers.operation.CachingOperationNameGenerator - Generating unique operation named: loginUserUsingPOST_1
2018-09-01 19:31:04.707 [http-nio-8080-exec-6] ERROR com.epam.service.UserManagerImpl - Wrong input data
2018-09-01 19:31:48.944 [http-nio-8080-exec-2] INFO  com.epam.service.UserManagerImpl - New User (id = 2) is registered
2018-09-01 19:31:55.000 [http-nio-8080-exec-3] INFO  com.epam.service.UserManagerImpl - User (id = 2) logged in
2018-09-01 19:32:51.797 [http-nio-8080-exec-10] INFO  com.epam.service.BookManagerImpl - The requested book (id = 11) is added to User's (id = 2) List
2018-09-01 19:32:51.797 [http-nio-8080-exec-10] INFO  com.epam.service.BookManagerImpl - The requested book (id =11)is now pending before rent
2018-09-01 19:32:56.006 [http-nio-8080-exec-1] INFO  com.epam.service.BookManagerImpl - The requested book (id = 12) is added to User's (id = 2) List
2018-09-01 19:32:56.006 [http-nio-8080-exec-1] INFO  com.epam.service.BookManagerImpl - The requested book (id =12)is now pending before read
2018-09-01 19:32:57.914 [http-nio-8080-exec-2] INFO  com.epam.service.BookManagerImpl - The requested book (id = 13) is added to User's (id = 2) List
2018-09-01 19:32:57.915 [http-nio-8080-exec-2] INFO  com.epam.service.BookManagerImpl - The requested book (id =13)is now pending before read
2018-09-01 19:33:27.710 [http-nio-8080-exec-8] INFO  com.epam.service.UserManagerImpl - Librarian logged in
2018-09-08 10:40:03.150 [localhost-startStop-1] INFO  springfox.documentation.spring.web.plugins.DocumentationPluginsBootstrapper - Context refreshed
2018-09-08 10:40:03.244 [localhost-startStop-1] INFO  springfox.documentation.spring.web.plugins.DocumentationPluginsBootstrapper - Found 1 custom documentation plugin(s)
2018-09-08 10:40:03.275 [localhost-startStop-1] INFO  springfox.documentation.spring.web.scanners.ApiListingReferenceScanner - Scanning for api listing references
2018-09-08 10:40:03.681 [localhost-startStop-1] INFO  springfox.documentation.spring.web.readers.operation.CachingOperationNameGenerator - Generating unique operation named: loginUserUsingPOST_1
2018-09-08 10:41:44.926 [http-nio-8080-exec-9] INFO  com.epam.service.UserManagerImpl - New User (id = 2) is registered
2018-09-08 10:42:13.278 [http-nio-8080-exec-3] ERROR com.epam.service.UserManagerImpl - There is no such user (id = 2)
2018-09-08 10:42:32.268 [http-nio-8080-exec-5] INFO  com.epam.service.UserManagerImpl - User (id = 2) logged in
2018-09-08 10:42:47.156 [http-nio-8080-exec-7] INFO  com.epam.service.BookManagerImpl - The requested book (id = 1) is added to User's (id = 2) List
2018-09-08 10:42:47.157 [http-nio-8080-exec-7] INFO  com.epam.service.BookManagerImpl - The requested book (id =1)is now pending before rent
2018-09-08 10:42:52.359 [http-nio-8080-exec-8] INFO  com.epam.service.BookManagerImpl - The requested book (id = 2) is added to User's (id = 2) List
2018-09-08 10:42:52.359 [http-nio-8080-exec-8] INFO  com.epam.service.BookManagerImpl - The requested book (id =2)is now pending before read
2018-09-08 10:42:53.387 [http-nio-8080-exec-10] INFO  com.epam.service.BookManagerImpl - The requested book (id = 3) is added to User's (id = 2) List
2018-09-08 10:42:53.388 [http-nio-8080-exec-10] INFO  com.epam.service.BookManagerImpl - The requested book (id =3)is now pending before read
2018-09-08 10:42:57.790 [http-nio-8080-exec-2] INFO  com.epam.service.BookManagerImpl - The requested book (id = 61) is added to User's (id = 2) List
2018-09-08 10:42:57.790 [http-nio-8080-exec-2] INFO  com.epam.service.BookManagerImpl - The requested book (id =61)is now pending before rent
2018-09-08 10:42:58.510 [http-nio-8080-exec-3] INFO  com.epam.service.BookManagerImpl - The requested book (id = 62) is added to User's (id = 2) List
2018-09-08 10:42:58.560 [http-nio-8080-exec-3] INFO  com.epam.service.BookManagerImpl - The requested book (id =62)is now pending before rent
2018-09-08 10:43:08.516 [http-nio-8080-exec-6] INFO  com.epam.service.BookManagerImpl - The book (id = 2) order has been removed
2018-09-08 10:43:08.517 [http-nio-8080-exec-6] INFO  com.epam.service.BookManagerImpl - The book (id = 2) has been returned to the library
2018-09-08 10:43:43.158 [http-nio-8080-exec-6] INFO  com.epam.service.UserManagerImpl - Librarian logged in
2018-09-08 10:43:52.895 [http-nio-8080-exec-7] INFO  com.epam.service.BookManagerImpl - The book (id = 1) order has been removed
2018-09-08 10:43:52.895 [http-nio-8080-exec-7] INFO  com.epam.service.BookManagerImpl - The book (id = 1) has been given to User (id = 1)
2018-09-08 10:43:53.444 [http-nio-8080-exec-10] INFO  com.epam.service.BookManagerImpl - The book (id= 3 has been given to User (id = 1) in the ReadRoom
2018-09-08 10:43:54.286 [http-nio-8080-exec-9] INFO  com.epam.service.BookManagerImpl - The book (id = 61) order has been removed
2018-09-08 10:43:54.287 [http-nio-8080-exec-9] INFO  com.epam.service.BookManagerImpl - Book request denied (id =61)
2018-09-08 10:43:55.130 [http-nio-8080-exec-1] INFO  com.epam.service.BookManagerImpl - The book (id = 62) order has been removed
2018-09-08 10:43:55.130 [http-nio-8080-exec-1] INFO  com.epam.service.BookManagerImpl - Book request denied (id =62)
2018-09-08 10:44:00.342 [http-nio-8080-exec-3] INFO  com.epam.service.UserManagerImpl - User (id = 2) logged in
2018-09-08 10:45:00.660 [http-nio-8080-exec-2] INFO  com.epam.service.UserManagerImpl - Librarian logged in
2018-09-08 10:45:06.396 [http-nio-8080-exec-3] ERROR com.epam.service.BookManagerImpl - Permission for User (id = 1) is denied
